06-22 00:25 INFO     cuda
06-22 00:25 INFO     ####################################################################################################
06-22 00:25 INFO     Partitioning data
06-22 00:25 INFO     Data statistics: {0: {0: 51, 1: 50, 2: 50, 3: 47, 4: 51, 5: 51, 6: 53, 7: 58, 8: 44, 9: 45}, 1: {0: 49, 1: 62, 2: 44, 3: 66, 4: 38, 5: 56, 6: 46, 7: 40, 8: 46, 9: 53}, 2: {0: 71, 1: 44, 2: 42, 3: 57, 4: 36, 5: 55, 6: 59, 7: 38, 8: 47, 9: 51}, 3: {0: 42, 1: 45, 2: 58, 3: 60, 4: 48, 5: 61, 6: 41, 7: 52, 8: 53, 9: 40}, 4: {0: 45, 1: 51, 2: 42, 3: 56, 4: 48, 5: 59, 6: 45, 7: 52, 8: 43, 9: 59}, 5: {0: 49, 1: 47, 2: 55, 3: 49, 4: 48, 5: 53, 6: 46, 7: 54, 8: 43, 9: 56}, 6: {0: 39, 1: 54, 2: 49, 3: 49, 4: 56, 5: 57, 6: 53, 7: 49, 8: 46, 9: 48}, 7: {0: 53, 1: 47, 2: 43, 3: 47, 4: 51, 5: 54, 6: 48, 7: 53, 8: 57, 9: 47}, 8: {0: 50, 1: 40, 2: 46, 3: 51, 4: 51, 5: 53, 6: 58, 7: 51, 8: 47, 9: 53}, 9: {0: 54, 1: 43, 2: 58, 3: 45, 4: 46, 5: 49, 6: 42, 7: 55, 8: 56, 9: 52}, 10: {0: 68, 1: 45, 2: 53, 3: 48, 4: 47, 5: 45, 6: 46, 7: 52, 8: 44, 9: 52}, 11: {0: 54, 1: 59, 2: 38, 3: 55, 4: 47, 5: 48, 6: 48, 7: 51, 8: 57, 9: 43}, 12: {0: 57, 1: 48, 2: 53, 3: 51, 4: 59, 5: 38, 6: 46, 7: 44, 8: 56, 9: 48}, 13: {0: 46, 1: 49, 2: 63, 3: 53, 4: 47, 5: 50, 6: 44, 7: 58, 8: 42, 9: 48}, 14: {0: 52, 1: 50, 2: 49, 3: 54, 4: 54, 5: 44, 6: 44, 7: 47, 8: 45, 9: 61}, 15: {0: 58, 1: 46, 2: 68, 3: 56, 4: 41, 5: 46, 6: 46, 7: 45, 8: 50, 9: 44}, 16: {0: 31, 1: 53, 2: 47, 3: 40, 4: 48, 5: 61, 6: 41, 7: 54, 8: 54, 9: 71}, 17: {0: 46, 1: 44, 2: 50, 3: 56, 4: 52, 5: 47, 6: 45, 7: 50, 8: 50, 9: 60}, 18: {0: 42, 1: 61, 2: 50, 3: 42, 4: 50, 5: 50, 6: 50, 7: 49, 8: 55, 9: 51}, 19: {0: 47, 1: 48, 2: 58, 3: 48, 4: 49, 5: 39, 6: 52, 7: 47, 8: 54, 9: 58}, 20: {0: 49, 1: 47, 2: 41, 3: 50, 4: 60, 5: 44, 6: 57, 7: 46, 8: 57, 9: 49}, 21: {0: 49, 1: 46, 2: 46, 3: 50, 4: 45, 5: 53, 6: 43, 7: 65, 8: 49, 9: 54}, 22: {0: 53, 1: 57, 2: 45, 3: 44, 4: 53, 5: 52, 6: 53, 7: 49, 8: 52, 9: 42}, 23: {0: 51, 1: 55, 2: 60, 3: 44, 4: 54, 5: 51, 6: 44, 7: 55, 8: 41, 9: 45}, 24: {0: 58, 1: 63, 2: 54, 3: 52, 4: 53, 5: 46, 6: 39, 7: 35, 8: 55, 9: 45}, 25: {0: 61, 1: 53, 2: 40, 3: 45, 4: 51, 5: 43, 6: 52, 7: 63, 8: 41, 9: 51}, 26: {0: 43, 1: 48, 2: 65, 3: 54, 4: 44, 5: 50, 6: 62, 7: 52, 8: 41, 9: 41}, 27: {0: 49, 1: 69, 2: 52, 3: 37, 4: 37, 5: 55, 6: 44, 7: 47, 8: 49, 9: 61}, 28: {0: 52, 1: 48, 2: 53, 3: 48, 4: 60, 5: 44, 6: 50, 7: 48, 8: 53, 9: 44}, 29: {0: 45, 1: 54, 2: 42, 3: 37, 4: 59, 5: 45, 6: 58, 7: 55, 8: 54, 9: 51}, 30: {0: 37, 1: 45, 2: 40, 3: 56, 4: 43, 5: 44, 6: 65, 7: 55, 8: 56, 9: 59}, 31: {0: 45, 1: 48, 2: 54, 3: 50, 4: 52, 5: 50, 6: 52, 7: 45, 8: 54, 9: 50}, 32: {0: 40, 1: 51, 2: 48, 3: 48, 4: 59, 5: 49, 6: 42, 7: 50, 8: 58, 9: 55}, 33: {0: 45, 1: 51, 2: 58, 3: 47, 4: 55, 5: 45, 6: 55, 7: 48, 8: 43, 9: 53}, 34: {0: 67, 1: 38, 2: 36, 3: 67, 4: 54, 5: 42, 6: 42, 7: 47, 8: 54, 9: 53}, 35: {0: 39, 1: 47, 2: 49, 3: 46, 4: 70, 5: 51, 6: 49, 7: 52, 8: 50, 9: 47}, 36: {0: 50, 1: 52, 2: 42, 3: 49, 4: 41, 5: 52, 6: 54, 7: 50, 8: 52, 9: 58}, 37: {0: 50, 1: 54, 2: 62, 3: 37, 4: 54, 5: 48, 6: 51, 7: 40, 8: 41, 9: 63}, 38: {0: 52, 1: 47, 2: 49, 3: 54, 4: 46, 5: 48, 6: 43, 7: 59, 8: 49, 9: 53}, 39: {0: 62, 1: 54, 2: 55, 3: 44, 4: 49, 5: 53, 6: 47, 7: 41, 8: 38, 9: 57}, 40: {0: 56, 1: 55, 2: 50, 3: 49, 4: 46, 5: 43, 6: 46, 7: 45, 8: 57, 9: 53}, 41: {0: 45, 1: 43, 2: 53, 3: 53, 4: 55, 5: 43, 6: 54, 7: 53, 8: 49, 9: 52}, 42: {0: 42, 1: 56, 2: 57, 3: 59, 4: 57, 5: 48, 6: 34, 7: 50, 8: 43, 9: 54}, 43: {0: 51, 1: 44, 2: 37, 3: 55, 4: 41, 5: 71, 6: 58, 7: 32, 8: 53, 9: 58}, 44: {0: 59, 1: 35, 2: 54, 3: 48, 4: 49, 5: 46, 6: 60, 7: 47, 8: 58, 9: 44}, 45: {0: 57, 1: 52, 2: 43, 3: 42, 4: 45, 5: 56, 6: 57, 7: 54, 8: 45, 9: 49}, 46: {0: 51, 1: 58, 2: 54, 3: 36, 4: 33, 5: 58, 6: 70, 7: 46, 8: 43, 9: 51}, 47: {0: 42, 1: 49, 2: 49, 3: 52, 4: 48, 5: 49, 6: 60, 7: 54, 8: 41, 9: 56}, 48: {0: 54, 1: 45, 2: 42, 3: 56, 4: 50, 5: 47, 6: 34, 7: 67, 8: 54, 9: 51}, 49: {0: 48, 1: 43, 2: 49, 3: 38, 4: 56, 5: 48, 6: 64, 7: 42, 8: 47, 9: 65}, 50: {0: 42, 1: 50, 2: 53, 3: 51, 4: 48, 5: 59, 6: 59, 7: 36, 8: 49, 9: 53}, 51: {0: 54, 1: 59, 2: 50, 3: 43, 4: 47, 5: 47, 6: 50, 7: 48, 8: 52, 9: 50}, 52: {0: 58, 1: 39, 2: 44, 3: 59, 4: 48, 5: 49, 6: 44, 7: 52, 8: 50, 9: 57}, 53: {0: 54, 1: 50, 2: 44, 3: 49, 4: 50, 5: 53, 6: 57, 7: 52, 8: 45, 9: 46}, 54: {0: 56, 1: 47, 2: 54, 3: 51, 4: 54, 5: 57, 6: 41, 7: 50, 8: 40, 9: 50}, 55: {0: 52, 1: 58, 2: 43, 3: 53, 4: 49, 5: 39, 6: 51, 7: 59, 8: 50, 9: 46}, 56: {0: 55, 1: 38, 2: 60, 3: 46, 4: 47, 5: 50, 6: 55, 7: 44, 8: 53, 9: 52}, 57: {0: 52, 1: 49, 2: 52, 3: 49, 4: 67, 5: 49, 6: 48, 7: 51, 8: 43, 9: 40}, 58: {0: 35, 1: 49, 2: 50, 3: 43, 4: 50, 5: 54, 6: 65, 7: 58, 8: 57, 9: 39}, 59: {0: 46, 1: 41, 2: 61, 3: 50, 4: 70, 5: 52, 6: 51, 7: 39, 8: 51, 9: 39}, 60: {0: 50, 1: 58, 2: 55, 3: 42, 4: 49, 5: 48, 6: 43, 7: 65, 8: 51, 9: 39}, 61: {0: 60, 1: 61, 2: 47, 3: 36, 4: 45, 5: 41, 6: 54, 7: 60, 8: 44, 9: 52}, 62: {0: 50, 1: 47, 2: 56, 3: 56, 4: 56, 5: 39, 6: 40, 7: 60, 8: 42, 9: 54}, 63: {0: 42, 1: 46, 2: 58, 3: 53, 4: 42, 5: 51, 6: 57, 7: 56, 8: 47, 9: 48}, 64: {0: 44, 1: 49, 2: 47, 3: 44, 4: 55, 5: 39, 6: 44, 7: 55, 8: 62, 9: 61}, 65: {0: 54, 1: 51, 2: 53, 3: 55, 4: 44, 5: 48, 6: 44, 7: 49, 8: 56, 9: 46}, 66: {0: 59, 1: 43, 2: 56, 3: 46, 4: 36, 5: 45, 6: 64, 7: 48, 8: 54, 9: 49}, 67: {0: 56, 1: 58, 2: 45, 3: 56, 4: 47, 5: 47, 6: 46, 7: 51, 8: 52, 9: 42}, 68: {0: 50, 1: 53, 2: 46, 3: 50, 4: 60, 5: 54, 6: 46, 7: 40, 8: 53, 9: 48}, 69: {0: 47, 1: 43, 2: 49, 3: 50, 4: 54, 5: 53, 6: 52, 7: 54, 8: 45, 9: 53}, 70: {0: 49, 1: 56, 2: 50, 3: 56, 4: 41, 5: 50, 6: 57, 7: 48, 8: 38, 9: 55}, 71: {0: 58, 1: 39, 2: 54, 3: 55, 4: 54, 5: 53, 6: 47, 7: 51, 8: 48, 9: 41}, 72: {0: 38, 1: 47, 2: 45, 3: 61, 4: 48, 5: 58, 6: 53, 7: 48, 8: 52, 9: 50}, 73: {0: 52, 1: 46, 2: 46, 3: 47, 4: 45, 5: 47, 6: 66, 7: 50, 8: 41, 9: 60}, 74: {0: 47, 1: 52, 2: 58, 3: 37, 4: 57, 5: 49, 6: 56, 7: 46, 8: 53, 9: 45}, 75: {0: 45, 1: 59, 2: 39, 3: 69, 4: 51, 5: 44, 6: 47, 7: 45, 8: 57, 9: 44}, 76: {0: 39, 1: 55, 2: 28, 3: 57, 4: 52, 5: 63, 6: 54, 7: 61, 8: 43, 9: 48}, 77: {0: 52, 1: 68, 2: 43, 3: 58, 4: 47, 5: 52, 6: 47, 7: 35, 8: 47, 9: 51}, 78: {0: 44, 1: 47, 2: 54, 3: 59, 4: 52, 5: 54, 6: 48, 7: 41, 8: 49, 9: 52}, 79: {0: 48, 1: 52, 2: 46, 3: 50, 4: 55, 5: 45, 6: 43, 7: 71, 8: 51, 9: 39}, 80: {0: 51, 1: 44, 2: 49, 3: 43, 4: 52, 5: 62, 6: 52, 7: 49, 8: 52, 9: 46}, 81: {0: 38, 1: 62, 2: 53, 3: 44, 4: 51, 5: 58, 6: 38, 7: 47, 8: 57, 9: 52}, 82: {0: 51, 1: 36, 2: 49, 3: 59, 4: 60, 5: 46, 6: 44, 7: 44, 8: 59, 9: 52}, 83: {0: 42, 1: 47, 2: 51, 3: 54, 4: 41, 5: 53, 6: 56, 7: 42, 8: 57, 9: 57}, 84: {0: 57, 1: 37, 2: 53, 3: 48, 4: 47, 5: 45, 6: 60, 7: 60, 8: 49, 9: 44}, 85: {0: 56, 1: 63, 2: 37, 3: 46, 4: 60, 5: 43, 6: 49, 7: 53, 8: 53, 9: 40}, 86: {0: 45, 1: 50, 2: 48, 3: 50, 4: 43, 5: 57, 6: 48, 7: 55, 8: 51, 9: 53}, 87: {0: 37, 1: 47, 2: 52, 3: 45, 4: 51, 5: 47, 6: 61, 7: 60, 8: 51, 9: 49}, 88: {0: 72, 1: 58, 2: 42, 3: 52, 4: 45, 5: 48, 6: 43, 7: 46, 8: 51, 9: 43}, 89: {0: 56, 1: 41, 2: 53, 3: 64, 4: 47, 5: 53, 6: 57, 7: 45, 8: 51, 9: 33}, 90: {0: 48, 1: 47, 2: 57, 3: 47, 4: 50, 5: 62, 6: 53, 7: 57, 8: 36, 9: 43}, 91: {0: 56, 1: 65, 2: 42, 3: 46, 4: 42, 5: 53, 6: 51, 7: 50, 8: 47, 9: 48}, 92: {0: 45, 1: 48, 2: 59, 3: 50, 4: 61, 5: 49, 6: 44, 7: 41, 8: 54, 9: 49}, 93: {0: 43, 1: 58, 2: 63, 3: 51, 4: 57, 5: 31, 6: 47, 7: 56, 8: 46, 9: 48}, 94: {0: 63, 1: 43, 2: 41, 3: 49, 4: 46, 5: 55, 6: 43, 7: 48, 8: 61, 9: 51}, 95: {0: 48, 1: 55, 2: 42, 3: 50, 4: 45, 5: 55, 6: 52, 7: 42, 8: 62, 9: 49}, 96: {0: 42, 1: 53, 2: 60, 3: 49, 4: 43, 5: 48, 6: 49, 7: 57, 8: 54, 9: 45}, 97: {0: 53, 1: 61, 2: 63, 3: 38, 4: 41, 5: 54, 6: 49, 7: 38, 8: 54, 9: 49}, 98: {0: 56, 1: 45, 2: 51, 3: 48, 4: 57, 5: 56, 6: 33, 7: 49, 8: 61, 9: 44}, 99: {0: 47, 1: 37, 2: 54, 3: 59, 4: 55, 5: 46, 6: 50, 7: 47, 8: 53, 9: 52}}
06-22 00:25 INFO     Initializing nets
06-22 00:25 INFO     in comm round:0####################################################################################################
06-22 00:25 INFO     Training network 2. n_training: 500
06-22 00:25 INFO     net 2 final test acc 0.101500
06-22 00:25 INFO     net 2 knowledge network test acc 0.119200
06-22 00:25 INFO     Training network 3. n_training: 500
06-22 00:26 INFO     net 3 final test acc 0.101400
06-22 00:26 INFO     net 3 knowledge network test acc 0.116800
06-22 00:26 INFO     Training network 5. n_training: 500
06-22 00:26 INFO     net 5 final test acc 0.117400
06-22 00:26 INFO     net 5 knowledge network test acc 0.131500
06-22 00:26 INFO     Training network 9. n_training: 500
06-22 00:26 INFO     net 9 final test acc 0.098400
06-22 00:26 INFO     net 9 knowledge network test acc 0.120900
06-22 00:26 INFO     Training network 11. n_training: 500
06-22 00:26 INFO     net 11 final test acc 0.099500
06-22 00:27 INFO     net 11 knowledge network test acc 0.106800
06-22 00:27 INFO     Training network 12. n_training: 500
06-22 00:27 INFO     net 12 final test acc 0.128300
06-22 00:27 INFO     net 12 knowledge network test acc 0.134500
06-22 00:27 INFO     Training network 13. n_training: 500
06-22 00:27 INFO     net 13 final test acc 0.117100
06-22 00:27 INFO     net 13 knowledge network test acc 0.119200
06-22 00:27 INFO     Training network 19. n_training: 500
06-22 00:27 INFO     net 19 final test acc 0.151400
06-22 00:27 INFO     net 19 knowledge network test acc 0.135700
06-22 00:27 INFO     Training network 25. n_training: 500
06-22 00:28 INFO     net 25 final test acc 0.127300
06-22 00:28 INFO     net 25 knowledge network test acc 0.132800
06-22 00:28 INFO     Training network 27. n_training: 500
06-22 00:28 INFO     net 27 final test acc 0.125700
06-22 00:28 INFO     net 27 knowledge network test acc 0.111100
06-22 00:28 INFO     Training network 31. n_training: 500
06-22 00:28 INFO     net 31 final test acc 0.111300
06-22 00:28 INFO     net 31 knowledge network test acc 0.128800
06-22 00:28 INFO     Training network 33. n_training: 500
06-22 00:29 INFO     net 33 final test acc 0.099200
06-22 00:29 INFO     net 33 knowledge network test acc 0.132600
06-22 00:29 INFO     Training network 34. n_training: 500
06-22 00:29 INFO     net 34 final test acc 0.119600
06-22 00:29 INFO     net 34 knowledge network test acc 0.111300
06-22 00:29 INFO     Training network 36. n_training: 500
06-22 00:29 INFO     net 36 final test acc 0.120500
06-22 00:29 INFO     net 36 knowledge network test acc 0.135800
06-22 00:29 INFO     Training network 44. n_training: 500
06-22 00:29 INFO     net 44 final test acc 0.106100
06-22 00:29 INFO     net 44 knowledge network test acc 0.125100
06-22 00:29 INFO     Training network 58. n_training: 500
06-22 00:30 INFO     net 58 final test acc 0.112500
06-22 00:30 INFO     net 58 knowledge network test acc 0.110200
06-22 00:30 INFO     Training network 60. n_training: 500
06-22 00:30 INFO     net 60 final test acc 0.127400
06-22 00:30 INFO     net 60 knowledge network test acc 0.134900
06-22 00:30 INFO     Training network 61. n_training: 500
06-22 00:30 INFO     net 61 final test acc 0.129800
06-22 00:30 INFO     net 61 knowledge network test acc 0.128200
06-22 00:30 INFO     Training network 62. n_training: 500
06-22 00:31 INFO     net 62 final test acc 0.114500
06-22 00:31 INFO     net 62 knowledge network test acc 0.129500
06-22 00:31 INFO     Training network 64. n_training: 500
06-22 00:31 INFO     net 64 final test acc 0.118000
06-22 00:31 INFO     net 64 knowledge network test acc 0.129600
06-22 00:31 INFO     Training network 66. n_training: 500
06-22 00:31 INFO     net 66 final test acc 0.135000
06-22 00:31 INFO     net 66 knowledge network test acc 0.126900
06-22 00:31 INFO     Training network 79. n_training: 500
06-22 00:31 INFO     net 79 final test acc 0.103700
06-22 00:31 INFO     net 79 knowledge network test acc 0.122200
06-22 00:32 INFO     Training network 80. n_training: 500
06-22 00:32 INFO     net 80 final test acc 0.093200
06-22 00:32 INFO     net 80 knowledge network test acc 0.113400
06-22 00:32 INFO     Training network 86. n_training: 500
06-22 00:32 INFO     net 86 final test acc 0.110000
06-22 00:32 INFO     net 86 knowledge network test acc 0.122200
06-22 00:32 INFO     Training network 87. n_training: 500
06-22 00:32 INFO     net 87 final test acc 0.162700
06-22 00:32 INFO     net 87 knowledge network test acc 0.145200
06-22 00:32 INFO     Training network 92. n_training: 500
06-22 00:33 INFO     net 92 final test acc 0.119800
06-22 00:33 INFO     net 92 knowledge network test acc 0.113400
06-22 00:33 INFO     Training network 94. n_training: 500
06-22 00:33 INFO     net 94 final test acc 0.103300
06-22 00:33 INFO     net 94 knowledge network test acc 0.116600
06-22 00:33 INFO     Training network 95. n_training: 500
06-22 00:33 INFO     net 95 final test acc 0.131800
06-22 00:33 INFO     net 95 knowledge network test acc 0.138100
06-22 00:33 INFO     Training network 97. n_training: 500
06-22 00:33 INFO     net 97 final test acc 0.107600
06-22 00:34 INFO     net 97 knowledge network test acc 0.116100
06-22 00:34 INFO     Training network 98. n_training: 500
06-22 00:34 INFO     net 98 final test acc 0.102100
06-22 00:34 INFO     net 98 knowledge network test acc 0.111900
06-22 00:34 INFO     avg test acc after local update 0.116537
06-22 00:34 INFO     avg knowledge test acc after local update 0.124017
